[debug] [2021-04-19T20:22:54.049Z] ----------------------------------------------------------------------
[debug] [2021-04-19T20:22:54.052Z] Command:       /usr/local/Cellar/node/15.10.0_1/bin/node /usr/local/bin/firebase init
[debug] [2021-04-19T20:22:54.052Z] CLI Version:   9.10.0
[debug] [2021-04-19T20:22:54.052Z] Platform:      darwin
[debug] [2021-04-19T20:22:54.053Z] Node Version:  v15.10.0
[debug] [2021-04-19T20:22:54.054Z] Time:          Mon Apr 19 2021 14:22:54 GMT-0600 (Mountain Daylight Time)
[debug] [2021-04-19T20:22:54.054Z] ----------------------------------------------------------------------
[debug] 
[debug] [2021-04-19T20:22:54.060Z] > command requires scopes: ["email","openid","https://www.googleapis.com/auth/cloudplatformprojects.readonly","https://www.googleapis.com/auth/firebase","https://www.googleapis.com/auth/cloud-platform"]
[debug] [2021-04-19T20:22:54.061Z] > authorizing via signed-in user (terranadams@gmail.com)
[info] 
     ######## #### ########  ######## ########     ###     ######  ########
     ##        ##  ##     ## ##       ##     ##  ##   ##  ##       ##
     ######    ##  ########  ######   ########  #########  ######  ######
     ##        ##  ##    ##  ##       ##     ## ##     ##       ## ##
     ##       #### ##     ## ######## ########  ##     ##  ######  ########

You're about to initialize a Firebase project in this directory:

  /Users/terranadams/Desktop/GolfAng

[info] 
=== Project Setup
[info] 
[info] First, let's associate this project directory with a Firebase project.
[info] You can create multiple project aliases by running firebase use --add, 
[info] but for now we'll just set up a default project.
[info] 
[debug] [2021-04-19T20:23:08.120Z] >>> [apiv2][query] GET https://firebase.googleapis.com/v1beta1/projects pageSize=100
[debug] [2021-04-19T20:23:08.588Z] <<< [apiv2][status] GET https://firebase.googleapis.com/v1beta1/projects 200
[debug] [2021-04-19T20:23:08.588Z] <<< [apiv2][body] GET https://firebase.googleapis.com/v1beta1/projects [omitted]
[info] i  Using project golfscore-app-ad248 (GolfScore App) 
[info] 
=== Database Setup
[info] i  database: ensuring required API firebasedatabase.googleapis.com is enabled... 
[debug] [2021-04-19T20:23:10.847Z] > refreshing access token with scopes: ["email","https://www.googleapis.com/auth/cloud-platform","https://www.googleapis.com/auth/cloudplatformprojects.readonly","https://www.googleapis.com/auth/firebase","openid"]
[debug] [2021-04-19T20:23:10.848Z] >>> HTTP REQUEST POST https://www.googleapis.com/oauth2/v3/token  
 <request body omitted>
[debug] [2021-04-19T20:23:11.000Z] <<< HTTP RESPONSE 200 {"pragma":"no-cache","expires":"Mon, 01 Jan 1990 00:00:00 GMT","cache-control":"no-cache, no-store, max-age=0, must-revalidate","date":"Mon, 19 Apr 2021 20:23:10 GMT","content-type":"application/json; charset=utf-8","vary":"X-Origin, Referer, Origin,Accept-Encoding","server":"scaffolding on HTTPServer2","x-xss-protection":"0","x-frame-options":"SAMEORIGIN","x-content-type-options":"nosniff","alt-svc":"h3-29=\":443\"; ma=2592000,h3-T051=\":443\"; ma=2592000,h3-Q050=\":443\"; ma=2592000,h3-Q046=\":443\"; ma=2592000,h3-Q043=\":443\"; ma=2592000,quic=\":443\"; ma=2592000; v=\"46,43\"","accept-ranges":"none","transfer-encoding":"chunked"}
[debug] [2021-04-19T20:23:11.017Z] >>> HTTP REQUEST GET https://serviceusage.googleapis.com/v1/projects/golfscore-app-ad248/services/firebasedatabase.googleapis.com  
 
[debug] [2021-04-19T20:23:11.549Z] <<< HTTP RESPONSE 200 {"content-type":"application/json; charset=UTF-8","vary":"X-Origin, Referer, Origin,Accept-Encoding","date":"Mon, 19 Apr 2021 20:23:11 GMT","server":"ESF","cache-control":"private","x-xss-protection":"0","x-frame-options":"SAMEORIGIN","x-content-type-options":"nosniff","alt-svc":"h3-29=\":443\"; ma=2592000,h3-T051=\":443\"; ma=2592000,h3-Q050=\":443\"; ma=2592000,h3-Q046=\":443\"; ma=2592000,h3-Q043=\":443\"; ma=2592000,quic=\":443\"; ma=2592000; v=\"46,43\"","accept-ranges":"none","transfer-encoding":"chunked"}
[warn] ⚠  database: missing required API firebasedatabase.googleapis.com. Enabling now... 
[debug] [2021-04-19T20:23:11.550Z] >>> HTTP REQUEST POST https://serviceusage.googleapis.com/v1/projects/golfscore-app-ad248/services/firebasedatabase.googleapis.com:enable  
 
[debug] [2021-04-19T20:23:12.389Z] <<< HTTP RESPONSE 200 {"content-type":"application/json; charset=UTF-8","vary":"X-Origin, Referer, Origin,Accept-Encoding","date":"Mon, 19 Apr 2021 20:23:12 GMT","server":"ESF","cache-control":"private","x-xss-protection":"0","x-frame-options":"SAMEORIGIN","x-content-type-options":"nosniff","alt-svc":"h3-29=\":443\"; ma=2592000,h3-T051=\":443\"; ma=2592000,h3-Q050=\":443\"; ma=2592000,h3-Q046=\":443\"; ma=2592000,h3-Q043=\":443\"; ma=2592000,quic=\":443\"; ma=2592000; v=\"46,43\"","accept-ranges":"none","transfer-encoding":"chunked"}
[debug] [2021-04-19T20:23:22.392Z] >>> HTTP REQUEST GET https://serviceusage.googleapis.com/v1/projects/golfscore-app-ad248/services/firebasedatabase.googleapis.com  
 
[debug] [2021-04-19T20:23:22.912Z] <<< HTTP RESPONSE 200 {"content-type":"application/json; charset=UTF-8","vary":"X-Origin, Referer, Origin,Accept-Encoding","date":"Mon, 19 Apr 2021 20:23:22 GMT","server":"ESF","cache-control":"private","x-xss-protection":"0","x-frame-options":"SAMEORIGIN","x-content-type-options":"nosniff","alt-svc":"h3-29=\":443\"; ma=2592000,h3-T051=\":443\"; ma=2592000,h3-Q050=\":443\"; ma=2592000,h3-Q046=\":443\"; ma=2592000,h3-Q043=\":443\"; ma=2592000,quic=\":443\"; ma=2592000; v=\"46,43\"","accept-ranges":"none","transfer-encoding":"chunked"}
[info] ✔  database: required API firebasedatabase.googleapis.com is enabled 
[info] 
[debug] [2021-04-19T20:23:22.917Z] > refreshing access token with scopes: []
[debug] [2021-04-19T20:23:22.917Z] >>> HTTP REQUEST POST https://www.googleapis.com/oauth2/v3/token  
 <request body omitted>
[debug] [2021-04-19T20:23:23.051Z] <<< HTTP RESPONSE 200 {"date":"Mon, 19 Apr 2021 20:23:23 GMT","pragma":"no-cache","expires":"Mon, 01 Jan 1990 00:00:00 GMT","cache-control":"no-cache, no-store, max-age=0, must-revalidate","content-type":"application/json; charset=utf-8","vary":"X-Origin, Referer, Origin,Accept-Encoding","server":"scaffolding on HTTPServer2","x-xss-protection":"0","x-frame-options":"SAMEORIGIN","x-content-type-options":"nosniff","alt-svc":"h3-29=\":443\"; ma=2592000,h3-T051=\":443\"; ma=2592000,h3-Q050=\":443\"; ma=2592000,h3-Q046=\":443\"; ma=2592000,h3-Q043=\":443\"; ma=2592000,quic=\":443\"; ma=2592000; v=\"46,43\"","accept-ranges":"none","transfer-encoding":"chunked"}
[debug] [2021-04-19T20:23:23.065Z] >>> [apiv2][query] GET https://firebase.googleapis.com/v1beta1/projects/golfscore-app-ad248 [none]
[debug] [2021-04-19T20:23:23.243Z] <<< [apiv2][status] GET https://firebase.googleapis.com/v1beta1/projects/golfscore-app-ad248 200
[debug] [2021-04-19T20:23:23.243Z] <<< [apiv2][body] GET https://firebase.googleapis.com/v1beta1/projects/golfscore-app-ad248 {"projectId":"golfscore-app-ad248","projectNumber":"891988601760","displayName":"GolfScore App","name":"projects/golfscore-app-ad248","resources":{"hostingSite":"golfscore-app-ad248"},"state":"ACTIVE"}
[info] 
[info] Firebase Realtime Database Security Rules allow you to define how your data should be
[info] structured and when your data can be read from and written to.
[info] 
